Started at Sun Jul 18 02:29:50 UTC 2021
Processing assignment
Offering assignment to Project Build Discarder
Finished at Sun Jul 18 02:29:50 UTC 2021. 7ms
Started at Sun Jul 18 03:29:50 UTC 2021
Processing assignment
Offering assignment to Project Build Discarder
Finished at Sun Jul 18 03:29:50 UTC 2021. 0ms
Started at Sun Jul 18 04:29:50 UTC 2021
Processing assignment
Offering assignment to Project Build Discarder
Finished at Sun Jul 18 04:29:50 UTC 2021. 2ms
Started at Sun Jul 18 05:29:50 UTC 2021
Processing assignment
Offering assignment to Project Build Discarder
Finished at Sun Jul 18 05:29:50 UTC 2021. 1ms
Started at Sun Jul 18 06:29:50 UTC 2021
Processing assignment
Offering assignment to Project Build Discarder
Finished at Sun Jul 18 06:29:50 UTC 2021. 1ms
Started at Sun Jul 18 07:29:50 UTC 2021
Processing assignment
Offering assignment to Project Build Discarder
Finished at Sun Jul 18 07:29:50 UTC 2021. 1ms
Started at Sun Jul 18 08:29:50 UTC 2021
Processing assignment
Offering assignment to Project Build Discarder
Finished at Sun Jul 18 08:29:50 UTC 2021. 1ms
Started at Sun Jul 18 09:29:50 UTC 2021
Processing assignment
Offering assignment to Project Build Discarder
Finished at Sun Jul 18 09:29:50 UTC 2021. 2ms
Started at Sun Jul 18 10:29:50 UTC 2021
Processing assignment
Offering assignment to Project Build Discarder
Finished at Sun Jul 18 10:29:50 UTC 2021. 1ms
Started at Sun Jul 18 11:29:50 UTC 2021
Processing assignment
Offering assignment to Project Build Discarder
Finished at Sun Jul 18 11:29:50 UTC 2021. 1ms
Started at Sun Jul 18 12:29:50 UTC 2021
Processing assignment
Offering assignment to Project Build Discarder
Processing test
Offering test to Project Build Discarder
Finished at Sun Jul 18 12:29:50 UTC 2021. 3ms
